{"/Users/lvyuang/code/shimo/lesson/again2/src/substract.js": {"path":"/Users/lvyuang/code/shimo/lesson/again2/src/substract.js","statementMap":{"0":{"start":{"line":1,"column":13},"end":{"line":1,"column":75}},"1":{"start":{"line":1,"column":75},"end":{"line":3,"column":2}},"2":{"start":{"line":2,"column":2},"end":{"line":2,"column":15}}},"fnMap":{"0":{"name":"(anonymous_0)","decl":{"start":{"line":1,"column":93},"end":{"line":1,"column":94}},"loc":{"start":{"line":1,"column":109},"end":{"line":3,"column":1}},"line":1}},"branchMap":{},"s":{"0":0,"1":0,"2":0},"f":{"0":0},"b":{}}
,"/Users/lvyuang/code/shimo/lesson/again2/src/sum.js": {"path":"/Users/lvyuang/code/shimo/lesson/again2/src/sum.js","statementMap":{"0":{"start":{"line":2,"column":2},"end":{"line":4,"column":7}},"1":{"start":{"line":3,"column":4},"end":{"line":3,"column":25}}},"fnMap":{"0":{"name":"(anonymous_0)","decl":{"start":{"line":1,"column":15},"end":{"line":1,"column":16}},"loc":{"start":{"line":1,"column":28},"end":{"line":5,"column":1}},"line":1},"1":{"name":"(anonymous_1)","decl":{"start":{"line":2,"column":21},"end":{"line":2,"column":22}},"loc":{"start":{"line":2,"column":40},"end":{"line":4,"column":3}},"line":2}},"branchMap":{},"s":{"0":3,"1":4},"f":{"0":3,"1":4},"b":{},"_coverageSchema":"332fd63041d2c1bcb487cc26dd0d5f7d97098a6c","hash":"248343b72a9f75404d580d5babc76df4fb6d4d42"}
}
